<?xml version="1.0" encoding="UTF-8"?>
<coverage generated="1726054609829" clover="3.2.0">
  <project timestamp="1726054609829" name="All files">
    <metrics statements="11" coveredstatements="6" conditionals="14" coveredconditionals="4" methods="2" coveredmethods="2" elements="27" coveredelements="12" complexity="0" loc="11" ncloc="11" packages="1" files="1" classes="1"/>
    <file name="triangle.js" path="C:\Users\HomePC\Desktop\tracker\src\triangle.js">
      <metrics statements="11" coveredstatements="6" conditionals="14" coveredconditionals="4" methods="2" coveredmethods="2"/>
      <line num="2" count="2" type="stmt"/>
      <line num="3" count="2" type="stmt"/>
      <line num="4" count="2" type="stmt"/>
      <line num="6" count="1" type="stmt"/>
      <line num="7" count="1" type="cond" truecount="4" falsecount="1"/>
      <line num="8" count="1" type="stmt"/>
      <line num="9" count="0" type="cond" truecount="0" falsecount="5"/>
      <line num="10" count="0" type="stmt"/>
      <line num="11" count="0" type="cond" truecount="0" falsecount="4"/>
      <line num="12" count="0" type="stmt"/>
      <line num="14" count="0" type="stmt"/>
    </file>
  </project>
</coverage>
