{"C:\\Users\\HomePC\\Desktop\\tracker\\src\\triangle.js": {"path":"C:\\Users\\HomePC\\Desktop\\tracker\\src\\triangle.js","statementMap":{"0":{"start":{"line":2,"column":4},"end":{"line":2,"column":23}},"1":{"start":{"line":3,"column":4},"end":{"line":3,"column":23}},"2":{"start":{"line":4,"column":4},"end":{"line":4,"column":23}},"3":{"start":{"line":6,"column":2},"end":{"line":16,"column":4}},"4":{"start":{"line":7,"column":4},"end":{"line":15,"column":5}},"5":{"start":{"line":8,"column":6},"end":{"line":8,"column":30}},"6":{"start":{"line":9,"column":11},"end":{"line":15,"column":5}},"7":{"start":{"line":10,"column":6},"end":{"line":10,"column":32}},"8":{"start":{"line":11,"column":11},"end":{"line":15,"column":5}},"9":{"start":{"line":12,"column":8},"end":{"line":12,"column":38}},"10":{"start":{"line":14,"column":6},"end":{"line":14,"column":34}}},"fnMap":{"0":{"name":"Triangle","decl":{"start":{"line":1,"column":24},"end":{"line":1,"column":32}},"loc":{"start":{"line":1,"column":54},"end":{"line":5,"column":3}},"line":1},"1":{"name":"(anonymous_1)","decl":{"start":{"line":6,"column":33},"end":{"line":6,"column":34}},"loc":{"start":{"line":6,"column":44},"end":{"line":16,"column":3}},"line":6}},"branchMap":{"0":{"loc":{"start":{"line":7,"column":4},"end":{"line":15,"column":5}},"type":"if","locations":[{"start":{"line":7,"column":4},"end":{"line":15,"column":5}},{"start":{"line":9,"column":11},"end":{"line":15,"column":5}}],"line":7},"1":{"loc":{"start":{"line":7,"column":8},"end":{"line":7,"column":136}},"type":"binary-expr","locations":[{"start":{"line":7,"column":9},"end":{"line":7,"column":47}},{"start":{"line":7,"column":53},"end":{"line":7,"column":91}},{"start":{"line":7,"column":97},"end":{"line":7,"column":135}}],"line":7},"2":{"loc":{"start":{"line":9,"column":11},"end":{"line":15,"column":5}},"type":"if","locations":[{"start":{"line":9,"column":11},"end":{"line":15,"column":5}},{"start":{"line":11,"column":11},"end":{"line":15,"column":5}}],"line":9},"3":{"loc":{"start":{"line":9,"column":15},"end":{"line":9,"column":108}},"type":"binary-expr","locations":[{"start":{"line":9,"column":16},"end":{"line":9,"column":41}},{"start":{"line":9,"column":48},"end":{"line":9,"column":73}},{"start":{"line":9,"column":81},"end":{"line":9,"column":106}}],"line":9},"4":{"loc":{"start":{"line":11,"column":11},"end":{"line":15,"column":5}},"type":"if","locations":[{"start":{"line":11,"column":11},"end":{"line":15,"column":5}},{"start":{"line":13,"column":11},"end":{"line":15,"column":5}}],"line":11},"5":{"loc":{"start":{"line":11,"column":15},"end":{"line":11,"column":73}},"type":"binary-expr","locations":[{"start":{"line":11,"column":16},"end":{"line":11,"column":41}},{"start":{"line":11,"column":47},"end":{"line":11,"column":72}}],"line":11}},"s":{"0":2,"1":2,"2":2,"3":1,"4":1,"5":1,"6":0,"7":0,"8":0,"9":0,"10":0},"f":{"0":2,"1":1},"b":{"0":[1,0],"1":[1,1,1],"2":[0,0],"3":[0,0,0],"4":[0,0],"5":[0,0]},"_coverageSchema":"1a1c01bbd47fc00a2c39e90264f33305004495a9","hash":"d0d1d99cc91b8006055aa3fbf629c9e5e0003c1c"}
}
